0 info it worked if it ends with ok
1 verbose cli [ '/usr/bin/node',
1 verbose cli   '/usr/bin/npm',
1 verbose cli   'install',
1 verbose cli   'karma-jasmine',
1 verbose cli   '-g' ]
2 info using npm@1.4.28
3 info using node@v0.10.37
4 verbose node symlink /usr/bin/node
5 verbose cache add [ 'karma-jasmine', null ]
6 verbose cache add name=undefined spec="karma-jasmine" args=["karma-jasmine",null]
7 verbose parsed url { protocol: null,
7 verbose parsed url   slashes: null,
7 verbose parsed url   auth: null,
7 verbose parsed url   host: null,
7 verbose parsed url   port: null,
7 verbose parsed url   hostname: null,
7 verbose parsed url   hash: null,
7 verbose parsed url   search: null,
7 verbose parsed url   query: null,
7 verbose parsed url   pathname: 'karma-jasmine',
7 verbose parsed url   path: 'karma-jasmine',
7 verbose parsed url   href: 'karma-jasmine' }
8 silly lockFile df56d5e8-karma-jasmine karma-jasmine
9 verbose lock karma-jasmine /home/jotunn/.npm/df56d5e8-karma-jasmine.lock
10 silly lockFile df56d5e8-karma-jasmine karma-jasmine
11 silly lockFile df56d5e8-karma-jasmine karma-jasmine
12 verbose addNamed [ 'karma-jasmine', '' ]
13 verbose addNamed [ null, '*' ]
14 silly lockFile a9316641-karma-jasmine karma-jasmine@
15 verbose lock karma-jasmine@ /home/jotunn/.npm/a9316641-karma-jasmine.lock
16 silly addNameRange { name: 'karma-jasmine', range: '*', hasData: false }
17 verbose request where is /karma-jasmine
18 verbose request registry https://registry.npmjs.org/
19 verbose request id 25e60f331d203f5d
20 verbose url raw /karma-jasmine
21 verbose url resolving [ 'https://registry.npmjs.org/', './karma-jasmine' ]
22 verbose url resolved https://registry.npmjs.org/karma-jasmine
23 verbose request where is https://registry.npmjs.org/karma-jasmine
24 info trying registry request attempt 1 at 20:01:37
25 verbose etag "VORR8LHWJK4QEZWHEI16MFVJ"
26 http GET https://registry.npmjs.org/karma-jasmine
27 http 304 https://registry.npmjs.org/karma-jasmine
28 silly registry.get cb [ 304,
28 silly registry.get   { date: 'Thu, 30 Apr 2015 17:01:38 GMT',
28 silly registry.get     server: 'Apache',
28 silly registry.get     via: '1.1 varnish',
28 silly registry.get     'last-modified': 'Thu, 30 Apr 2015 17:01:38 GMT',
28 silly registry.get     'cache-control': 'max-age=60',
28 silly registry.get     etag: '"VORR8LHWJK4QEZWHEI16MFVJ"',
28 silly registry.get     age: '45',
28 silly registry.get     'x-served-by': 'cache-ams4146-AMS',
28 silly registry.get     'x-cache': 'HIT',
28 silly registry.get     'x-cache-hits': '1',
28 silly registry.get     'x-timer': 'S1430413298.111047,VS0,VE0',
28 silly registry.get     vary: 'Accept',
28 silly registry.get     'content-length': '0',
28 silly registry.get     'keep-alive': 'timeout=10, max=50',
28 silly registry.get     connection: 'Keep-Alive' } ]
29 verbose etag https://registry.npmjs.org/karma-jasmine from cache
30 silly addNameRange number 2 { name: 'karma-jasmine', range: '*', hasData: true }
31 silly addNameRange versions [ 'karma-jasmine',
31 silly addNameRange   [ '0.0.1',
31 silly addNameRange     '0.0.2',
31 silly addNameRange     '0.0.3',
31 silly addNameRange     '0.1.0',
31 silly addNameRange     '0.1.1',
31 silly addNameRange     '0.1.2',
31 silly addNameRange     '0.1.3',
31 silly addNameRange     '0.1.4',
31 silly addNameRange     '0.1.5',
31 silly addNameRange     '0.2.0',
31 silly addNameRange     '0.2.1',
31 silly addNameRange     '0.2.2',
31 silly addNameRange     '0.2.3',
31 silly addNameRange     '0.3.0',
31 silly addNameRange     '0.3.1',
31 silly addNameRange     '0.3.2',
31 silly addNameRange     '0.3.3',
31 silly addNameRange     '0.3.4',
31 silly addNameRange     '0.3.5' ] ]
32 verbose addNamed [ 'karma-jasmine', '0.3.5' ]
33 verbose addNamed [ '0.3.5', '0.3.5' ]
34 silly lockFile b510234b-karma-jasmine-0-3-5 karma-jasmine@0.3.5
35 verbose lock karma-jasmine@0.3.5 /home/jotunn/.npm/b510234b-karma-jasmine-0-3-5.lock
36 silly lockFile b510234b-karma-jasmine-0-3-5 karma-jasmine@0.3.5
37 silly lockFile b510234b-karma-jasmine-0-3-5 karma-jasmine@0.3.5
38 silly lockFile a9316641-karma-jasmine karma-jasmine@
39 silly lockFile a9316641-karma-jasmine karma-jasmine@
40 silly resolved [ { name: 'karma-jasmine',
40 silly resolved     version: '0.3.5',
40 silly resolved     description: 'A Karma plugin - adapter for Jasmine testing framework.',
40 silly resolved     main: 'lib/index.js',
40 silly resolved     scripts: { test: 'grunt test' },
40 silly resolved     repository:
40 silly resolved      { type: 'git',
40 silly resolved        url: 'git://github.com/karma-runner/karma-jasmine.git' },
40 silly resolved     keywords: [ 'karma-plugin', 'karma-adapter', 'jasmine' ],
40 silly resolved     author: { name: 'Vojta Jina', email: 'vojta.jina@gmail.com' },
40 silly resolved     dependencies: {},
40 silly resolved     devDependencies:
40 silly resolved      { grunt: '~0.4.1',
40 silly resolved        'grunt-contrib-jshint': '~0.6',
40 silly resolved        karma: '~0.12.0',
40 silly resolved        'karma-jasmine': '~0.1.0',
40 silly resolved        'karma-chrome-launcher': '~0.1.0',
40 silly resolved        'karma-firefox-launcher': '~0.1.0',
40 silly resolved        'grunt-karma': '~0.8.0',
40 silly resolved        'grunt-auto-release': '~0.0.2',
40 silly resolved        'grunt-npm': '~0.0.2',
40 silly resolved        'grunt-bump': '~0.0.7',
40 silly resolved        'jasmine-core': '~2.1.0' },
40 silly resolved     peerDependencies: { karma: '>=0.9', 'jasmine-core': '*' },
40 silly resolved     license: 'MIT',
40 silly resolved     contributors:
40 silly resolved      [ [Object],
40 silly resolved        [Object],
40 silly resolved        [Object],
40 silly resolved        [Object],
40 silly resolved        [Object],
40 silly resolved        [Object],
40 silly resolved        [Object],
40 silly resolved        [Object],
40 silly resolved        [Object],
40 silly resolved        [Object],
40 silly resolved        [Object],
40 silly resolved        [Object],
40 silly resolved        [Object] ],
40 silly resolved     bugs: { url: 'https://github.com/karma-runner/karma-jasmine/issues' },
40 silly resolved     homepage: 'https://github.com/karma-runner/karma-jasmine',
40 silly resolved     _id: 'karma-jasmine@0.3.5',
40 silly resolved     dist:
40 silly resolved      { shasum: 'd6c7bce49f0747b59b557156502a28009a44055d',
40 silly resolved        tarball: 'http://registry.npmjs.org/karma-jasmine/-/karma-jasmine-0.3.5.tgz' },
40 silly resolved     _from: 'karma-jasmine@',
40 silly resolved     _npmVersion: '1.4.4',
40 silly resolved     _npmUser: { name: 'vojtajina', email: 'vojta.jina@gmail.com' },
40 silly resolved     maintainers: [ [Object], [Object] ],
40 silly resolved     directories: {},
40 silly resolved     _shasum: 'd6c7bce49f0747b59b557156502a28009a44055d',
40 silly resolved     _resolved: 'https://registry.npmjs.org/karma-jasmine/-/karma-jasmine-0.3.5.tgz',
40 silly resolved     readme: 'ERROR: No README data found!' } ]
41 info install karma-jasmine@0.3.5 into /usr/lib
42 info installOne karma-jasmine@0.3.5
43 verbose lib/node_modules/karma-jasmine unbuild
44 verbose tar unpack /home/jotunn/.npm/karma-jasmine/0.3.5/package.tgz
45 silly lockFile 1cbcf1cb-r-lib-node-modules-karma-jasmine tar:///usr/lib/node_modules/karma-jasmine
46 verbose lock tar:///usr/lib/node_modules/karma-jasmine /home/jotunn/.npm/1cbcf1cb-r-lib-node-modules-karma-jasmine.lock
47 silly lockFile b4590ed3--karma-jasmine-0-3-5-package-tgz tar:///home/jotunn/.npm/karma-jasmine/0.3.5/package.tgz
48 verbose lock tar:///home/jotunn/.npm/karma-jasmine/0.3.5/package.tgz /home/jotunn/.npm/b4590ed3--karma-jasmine-0-3-5-package-tgz.lock
49 silly gunzTarPerm modes [ '775', '664' ]
50 error Error: EACCES, mkdir '/usr/lib/node_modules/karma-jasmine'
50 error  { [Error: EACCES, mkdir '/usr/lib/node_modules/karma-jasmine']
50 error   errno: 3,
50 error   code: 'EACCES',
50 error   path: '/usr/lib/node_modules/karma-jasmine',
50 error   fstream_type: 'Directory',
50 error   fstream_path: '/usr/lib/node_modules/karma-jasmine',
50 error   fstream_class: 'DirWriter',
50 error   fstream_stack:
50 error    [ '/usr/lib/node_modules/npm/node_modules/fstream/lib/dir-writer.js:36:23',
50 error      '/usr/lib/node_modules/npm/node_modules/mkdirp/index.js:46:53',
50 error      'Object.oncomplete (fs.js:108:15)' ] }
51 error Please try running this command again as root/Administrator.
52 error System Linux 3.13.0-49-generic
53 error command "/usr/bin/node" "/usr/bin/npm" "install" "karma-jasmine" "-g"
54 error cwd /home/jotunn/Documents/Project/ShoppingCart/src
55 error node -v v0.10.37
56 error npm -v 1.4.28
57 error path /usr/lib/node_modules/karma-jasmine
58 error fstream_path /usr/lib/node_modules/karma-jasmine
59 error fstream_type Directory
60 error fstream_class DirWriter
61 error code EACCES
62 error errno 3
63 error stack Error: EACCES, mkdir '/usr/lib/node_modules/karma-jasmine'
64 error fstream_stack /usr/lib/node_modules/npm/node_modules/fstream/lib/dir-writer.js:36:23
64 error fstream_stack /usr/lib/node_modules/npm/node_modules/mkdirp/index.js:46:53
64 error fstream_stack Object.oncomplete (fs.js:108:15)
65 verbose exit [ 3, true ]
